# JRE version: Java(TM) SE Runtime Environment (8.0_171-b11) (build 1.8.0_171-b11)
# Java VM: Java HotSpot(TM) 64-Bit Server VM (25.171-b11 mixed mode windows-amd64 compressed oops)
Heap:
 PSYoungGen      total 31744K, used 10782K [0x00000000ed980000, 0x00000000f1f80000, 0x0000000100000000)
  eden space 29696K, 29% used [0x00000000ed980000,0x00000000ee2097a8,0x00000000ef680000)
  from space 2048K, 99% used [0x00000000ef680000,0x00000000ef87e160,0x00000000ef880000)
  to   space 6144K, 0% used [0x00000000f1980000,0x00000000f1980000,0x00000000f1f80000)
 ParOldGen       total 38400K, used 10904K [0x00000000c8c00000, 0x00000000cb180000, 0x00000000ed980000)
  object space 38400K, 28% used [0x00000000c8c00000,0x00000000c96a63e0,0x00000000cb180000)
 Metaspace       used 16547K, capacity 17052K, committed 17408K, reserved 1069056K
  class space    used 2128K, capacity 2273K, committed 2304K, reserved 1048576K
GC Heap History (10 events):
Event: 1.448 GC heap before
{Heap before GC invocations=1 (full 0):
 PSYoungGen      total 16896K, used 14848K [0x00000000ed980000, 0x00000000eec00000, 0x0000000100000000)
  eden space 14848K, 100% used [0x00000000ed980000,0x00000000ee800000,0x00000000ee800000)
  from space 2048K, 0% used [0x00000000eea00000,0x00000000eea00000,0x00000000eec00000)
  to   space 2048K, 0% used [0x00000000ee800000,0x00000000ee800000,0x00000000eea00000)
 ParOldGen       total 38400K, used 0K [0x00000000c8c00000, 0x00000000cb180000, 0x00000000ed980000)
  object space 38400K, 0% used [0x00000000c8c00000,0x00000000c8c00000,0x00000000cb180000)
 Metaspace       used 6563K, capacity 6750K, committed 7040K, reserved 1056768K
  class space    used 762K, capacity 835K, committed 896K, reserved 1048576K
Event: 1.455 GC heap after
Heap after GC invocations=1 (full 0):
 PSYoungGen      total 16896K, used 2036K [0x00000000ed980000, 0x00000000eec00000, 0x0000000100000000)
  eden space 14848K, 0% used [0x00000000ed980000,0x00000000ed980000,0x00000000ee800000)
  from space 2048K, 99% used [0x00000000ee800000,0x00000000ee9fd3a0,0x00000000eea00000)
  to   space 2048K, 0% used [0x00000000eea00000,0x00000000eea00000,0x00000000eec00000)
 ParOldGen       total 38400K, used 762K [0x00000000c8c00000, 0x00000000cb180000, 0x00000000ed980000)
  object space 38400K, 1% used [0x00000000c8c00000,0x00000000c8cbea98,0x00000000cb180000)
 Metaspace       used 6563K, capacity 6750K, committed 7040K, reserved 1056768K
  class space    used 762K, capacity 835K, committed 896K, reserved 1048576K
}
Event: 1.773 GC heap before
{Heap before GC invocations=2 (full 0):
 PSYoungGen      total 16896K, used 16884K [0x00000000ed980000, 0x00000000eec00000, 0x0000000100000000)
  eden space 14848K, 100% used [0x00000000ed980000,0x00000000ee800000,0x00000000ee800000)
  from space 2048K, 99% used [0x00000000ee800000,0x00000000ee9fd3a0,0x00000000eea00000)
  to   space 2048K, 0% used [0x00000000eea00000,0x00000000eea00000,0x00000000eec00000)
 ParOldGen       total 38400K, used 762K [0x00000000c8c00000, 0x00000000cb180000, 0x00000000ed980000)
  object space 38400K, 1% used [0x00000000c8c00000,0x00000000c8cbea98,0x00000000cb180000)
 Metaspace       used 7043K, capacity 7294K, committed 7424K, reserved 1056768K
  class space    used 827K, capacity 908K, committed 1024K, reserved 1048576K
Event: 1.792 GC heap after
Heap after GC invocations=2 (full 0):
 PSYoungGen      total 16896K, used 2040K [0x00000000ed980000, 0x00000000efa80000, 0x0000000100000000)
  eden space 14848K, 0% used [0x00000000ed980000,0x00000000ed980000,0x00000000ee800000)
  from space 2048K, 99% used [0x00000000eea00000,0x00000000eebfe160,0x00000000eec00000)
  to   space 2048K, 0% used [0x00000000ee800000,0x00000000ee800000,0x00000000eea00000)
 ParOldGen       total 38400K, used 3983K [0x00000000c8c00000, 0x00000000cb180000, 0x00000000ed980000)
  object space 38400K, 10% used [0x00000000c8c00000,0x00000000c8fe3dd0,0x00000000cb180000)
 Metaspace       used 7043K, capacity 7294K, committed 7424K, reserved 1056768K
  class space    used 827K, capacity 908K, committed 1024K, reserved 1048576K
}
Event: 2.446 GC heap before
{Heap before GC invocations=3 (full 0):
 PSYoungGen      total 16896K, used 16888K [0x00000000ed980000, 0x00000000efa80000, 0x0000000100000000)
  eden space 14848K, 100% used [0x00000000ed980000,0x00000000ee800000,0x00000000ee800000)
  from space 2048K, 99% used [0x00000000eea00000,0x00000000eebfe160,0x00000000eec00000)
  to   space 2048K, 0% used [0x00000000ee800000,0x00000000ee800000,0x00000000eea00000)
 ParOldGen       total 38400K, used 3983K [0x00000000c8c00000, 0x00000000cb180000, 0x00000000ed980000)
  object space 38400K, 10% used [0x00000000c8c00000,0x00000000c8fe3dd0,0x00000000cb180000)
 Metaspace       used 9865K, capacity 10108K, committed 10240K, reserved 1058816K
  class space    used 1155K, capacity 1223K, committed 1280K, reserved 1048576K
Event: 2.453 GC heap after
Heap after GC invocations=3 (full 0):
 PSYoungGen      total 16896K, used 2040K [0x00000000ed980000, 0x00000000efa80000, 0x0000000100000000)
  eden space 14848K, 0% used [0x00000000ed980000,0x00000000ed980000,0x00000000ee800000)
  from space 2048K, 99% used [0x00000000ee800000,0x00000000ee9fe160,0x00000000eea00000)
  to   space 2048K, 0% used [0x00000000ef880000,0x00000000ef880000,0x00000000efa80000)
 ParOldGen       total 38400K, used 5524K [0x00000000c8c00000, 0x00000000cb180000, 0x00000000ed980000)
  object space 38400K, 14% used [0x00000000c8c00000,0x00000000c91650b0,0x00000000cb180000)
 Metaspace       used 9865K, capacity 10108K, committed 10240K, reserved 1058816K
  class space    used 1155K, capacity 1223K, committed 1280K, reserved 1048576K
}
Event: 3.068 GC heap before
{Heap before GC invocations=4 (full 0):
 PSYoungGen      total 16896K, used 16888K [0x00000000ed980000, 0x00000000efa80000, 0x0000000100000000)
  eden space 14848K, 100% used [0x00000000ed980000,0x00000000ee800000,0x00000000ee800000)
  from space 2048K, 99% used [0x00000000ee800000,0x00000000ee9fe160,0x00000000eea00000)
  to   space 2048K, 0% used [0x00000000ef880000,0x00000000ef880000,0x00000000efa80000)
 ParOldGen       total 38400K, used 5524K [0x00000000c8c00000, 0x00000000cb180000, 0x00000000ed980000)
  object space 38400K, 14% used [0x00000000c8c00000,0x00000000c91650b0,0x00000000cb180000)
 Metaspace       used 11722K, capacity 11998K, committed 12160K, reserved 1060864K
  class space    used 1481K, capacity 1572K, committed 1664K, reserved 1048576K
Event: 3.077 GC heap after
Heap after GC invocations=4 (full 0):
 PSYoungGen      total 31744K, used 2024K [0x00000000ed980000, 0x00000000efa80000, 0x0000000100000000)
  eden space 29696K, 0% used [0x00000000ed980000,0x00000000ed980000,0x00000000ef680000)
  from space 2048K, 98% used [0x00000000ef880000,0x00000000efa7a170,0x00000000efa80000)
  to   space 2048K, 0% used [0x00000000ef680000,0x00000000ef680000,0x00000000ef880000)
 ParOldGen       total 38400K, used 7217K [0x00000000c8c00000, 0x00000000cb180000, 0x00000000ed980000)
  object space 38400K, 18% used [0x00000000c8c00000,0x00000000c930c528,0x00000000cb180000)
 Metaspace       used 11722K, capacity 11998K, committed 12160K, reserved 1060864K
  class space    used 1481K, capacity 1572K, committed 1664K, reserved 1048576K
}
Event: 3.870 GC heap before
{Heap before GC invocations=5 (full 0):
 PSYoungGen      total 31744K, used 31720K [0x00000000ed980000, 0x00000000efa80000, 0x0000000100000000)
  eden space 29696K, 100% used [0x00000000ed980000,0x00000000ef680000,0x00000000ef680000)
  from space 2048K, 98% used [0x00000000ef880000,0x00000000efa7a170,0x00000000efa80000)
  to   space 2048K, 0% used [0x00000000ef680000,0x00000000ef680000,0x00000000ef880000)
 ParOldGen       total 38400K, used 7217K [0x00000000c8c00000, 0x00000000cb180000, 0x00000000ed980000)
  object space 38400K, 18% used [0x00000000c8c00000,0x00000000c930c528,0x00000000cb180000)
 Metaspace       used 15390K, capacity 15920K, committed 16256K, reserved 1062912K
  class space    used 1949K, capacity 2097K, committed 2176K, reserved 1048576K
Event: 3.886 GC heap after
Heap after GC invocations=5 (full 0):
 PSYoungGen      total 31744K, used 2040K [0x00000000ed980000, 0x00000000f1f80000, 0x0000000100000000)
  eden space 29696K, 0% used [0x00000000ed980000,0x00000000ed980000,0x00000000ef680000)
  from space 2048K, 99% used [0x00000000ef680000,0x00000000ef87e160,0x00000000ef880000)
  to   space 6144K, 0% used [0x00000000f1980000,0x00000000f1980000,0x00000000f1f80000)
 ParOldGen       total 38400K, used 10904K [0x00000000c8c00000, 0x00000000cb180000, 0x00000000ed980000)
  object space 38400K, 28% used [0x00000000c8c00000,0x00000000c96a63e0,0x00000000cb180000)
 Metaspace       used 15390K, capacity 15920K, committed 16256K, reserved 1062912K
  class space    used 1949K, capacity 2097K, committed 2176K, reserved 1048576K
}

